<?xml version="1.0" encoding="UTF-8" ?>
<testsuite failures="0" time="0.696" errors="0" skipped="0" tests="10" name="pl.softwaremill.traffic.SpanSpec">
  <properties>
    <property name="java.runtime.name" value="Java(TM) SE Runtime Environment"/>
    <property name="sun.boot.library.path" value="/System/Library/Java/JavaVirtualMachines/1.6.0.jdk/Contents/Libraries"/>
    <property name="java.vm.version" value="17.1-b03-307"/>
    <property name="awt.nativeDoubleBuffering" value="true"/>
    <property name="gopherProxySet" value="false"/>
    <property name="mrj.build" value="10M3261"/>
    <property name="java.vm.vendor" value="Apple Inc."/>
    <property name="java.vendor.url" value="http://www.apple.com/"/>
    <property name="path.separator" value=":"/>
    <property name="java.vm.name" value="Java HotSpot(TM) 64-Bit Server VM"/>
    <property name="file.encoding.pkg" value="sun.io"/>
    <property name="user.country" value="US"/>
    <property name="sun.java.launcher" value="SUN_STANDARD"/>
    <property name="sun.os.patch.level" value="unknown"/>
    <property name="java.vm.specification.name" value="Java Virtual Machine Specification"/>
    <property name="user.dir" value="/Users/adamw/projects/scala.traffic/trunk/traffic-ui"/>
    <property name="java.runtime.version" value="1.6.0_22-b04-307-10M3261"/>
    <property name="java.awt.graphicsenv" value="apple.awt.CGraphicsEnvironment"/>
    <property name="basedir" value="/Users/adamw/projects/scala.traffic/trunk/traffic-ui"/>
    <property name="java.endorsed.dirs" value="/System/Library/Java/JavaVirtualMachines/1.6.0.jdk/Contents/Home/lib/endorsed"/>
    <property name="os.arch" value="x86_64"/>
    <property name="surefire.real.class.path" value="/var/folders/pK/pKvoRmcqHtGnCH2rHFuBxU+++TI/-Tmp-/surefirebooter2793255551694115334.jar"/>
    <property name="java.io.tmpdir" value="/var/folders/pK/pKvoRmcqHtGnCH2rHFuBxU+++TI/-Tmp-/"/>
    <property name="line.separator" value="
"/>
    <property name="java.vm.specification.vendor" value="Sun Microsystems Inc."/>
    <property name="os.name" value="Mac OS X"/>
    <property name="sun.jnu.encoding" value="MacRoman"/>
    <property name="java.library.path" value=".:/Library/Java/Extensions:/System/Library/Java/Extensions:/usr/lib/java"/>
    <property name="surefire.test.class.path" value="/Users/adamw/projects/scala.traffic/trunk/traffic-ui/target/test-classes:/Users/adamw/projects/scala.traffic/trunk/traffic-ui/target/classes:/Users/adamw/.m2/repository/us/technically/spde/spde-core_2.8.1/0.3.1/spde-core_2.8.1-0.3.1.jar:/Users/adamw/.m2/repository/org/processing/core/1.1/core-1.1.jar:/Users/adamw/.m2/repository/net/databinder/dispatch-futures_2.8.1/0.7.7/dispatch-futures_2.8.1-0.7.7.jar:/Users/adamw/.m2/repository/org/scala-lang/scala-library/2.8.1/scala-library-2.8.1.jar:/Users/adamw/.m2/repository/org/scala-tools/time/2.8.0-SNAPSHOT-0.2-SNAPSHOT/time-2.8.0-SNAPSHOT-0.2-SNAPSHOT.jar:/Users/adamw/.m2/repository/joda-time/joda-time/1.6/joda-time-1.6.jar:/Users/adamw/.m2/repository/org/scala-tools/testing/specs_2.8.1/1.6.7/specs_2.8.1-1.6.7.jar:/Users/adamw/.m2/repository/org/scala-lang/scala-compiler/2.8.1/scala-compiler-2.8.1.jar:/Users/adamw/.m2/repository/junit/junit/4.7/junit-4.7.jar:"/>
    <property name="java.specification.name" value="Java Platform API Specification"/>
    <property name="java.class.version" value="50.0"/>
    <property name="sun.management.compiler" value="HotSpot 64-Bit Server Compiler"/>
    <property name="os.version" value="10.6.6"/>
    <property name="http.nonProxyHosts" value="local|*.local|169.254/16|*.169.254/16"/>
    <property name="user.home" value="/Users/adamw"/>
    <property name="user.timezone" value=""/>
    <property name="java.awt.printerjob" value="apple.awt.CPrinterJob"/>
    <property name="java.specification.version" value="1.6"/>
    <property name="file.encoding" value="MacRoman"/>
    <property name="user.name" value="adamw"/>
    <property name="java.class.path" value="/Users/adamw/projects/scala.traffic/trunk/traffic-ui/target/test-classes:/Users/adamw/projects/scala.traffic/trunk/traffic-ui/target/classes:/Users/adamw/.m2/repository/us/technically/spde/spde-core_2.8.1/0.3.1/spde-core_2.8.1-0.3.1.jar:/Users/adamw/.m2/repository/org/processing/core/1.1/core-1.1.jar:/Users/adamw/.m2/repository/net/databinder/dispatch-futures_2.8.1/0.7.7/dispatch-futures_2.8.1-0.7.7.jar:/Users/adamw/.m2/repository/org/scala-lang/scala-library/2.8.1/scala-library-2.8.1.jar:/Users/adamw/.m2/repository/org/scala-tools/time/2.8.0-SNAPSHOT-0.2-SNAPSHOT/time-2.8.0-SNAPSHOT-0.2-SNAPSHOT.jar:/Users/adamw/.m2/repository/joda-time/joda-time/1.6/joda-time-1.6.jar:/Users/adamw/.m2/repository/org/scala-tools/testing/specs_2.8.1/1.6.7/specs_2.8.1-1.6.7.jar:/Users/adamw/.m2/repository/org/scala-lang/scala-compiler/2.8.1/scala-compiler-2.8.1.jar:/Users/adamw/.m2/repository/junit/junit/4.7/junit-4.7.jar:"/>
    <property name="java.vm.specification.version" value="1.0"/>
    <property name="sun.arch.data.model" value="64"/>
    <property name="java.home" value="/System/Library/Java/JavaVirtualMachines/1.6.0.jdk/Contents/Home"/>
    <property name="java.specification.vendor" value="Sun Microsystems Inc."/>
    <property name="user.language" value="en"/>
    <property name="awt.toolkit" value="apple.awt.CToolkit"/>
    <property name="java.vm.info" value="mixed mode"/>
    <property name="java.version" value="1.6.0_22"/>
    <property name="java.ext.dirs" value="/Library/Java/Extensions:/System/Library/Java/Extensions:/System/Library/Java/JavaVirtualMachines/1.6.0.jdk/Contents/Home/lib/ext"/>
    <property name="sun.boot.class.path" value="/System/Library/Java/JavaVirtualMachines/1.6.0.jdk/Contents/Classes/jsfd.jar:/System/Library/Java/JavaVirtualMachines/1.6.0.jdk/Contents/Classes/classes.jar:/System/Library/Frameworks/JavaVM.framework/Frameworks/JavaRuntimeSupport.framework/Resources/Java/JavaRuntimeSupport.jar:/System/Library/Java/JavaVirtualMachines/1.6.0.jdk/Contents/Classes/ui.jar:/System/Library/Java/JavaVirtualMachines/1.6.0.jdk/Contents/Classes/laf.jar:/System/Library/Java/JavaVirtualMachines/1.6.0.jdk/Contents/Classes/sunrsasign.jar:/System/Library/Java/JavaVirtualMachines/1.6.0.jdk/Contents/Classes/jsse.jar:/System/Library/Java/JavaVirtualMachines/1.6.0.jdk/Contents/Classes/jce.jar:/System/Library/Java/JavaVirtualMachines/1.6.0.jdk/Contents/Classes/charsets.jar"/>
    <property name="java.vendor" value="Apple Inc."/>
    <property name="localRepository" value="/Users/adamw/.m2/repository"/>
    <property name="file.separator" value="/"/>
    <property name="java.vendor.url.bug" value="http://bugreport.apple.com/"/>
    <property name="sun.cpu.endian" value="little"/>
    <property name="sun.io.unicode.encoding" value="UnicodeLittle"/>
    <property name="mrj.version" value="1060.1.6.0_22-307"/>
    <property name="socksNonProxyHosts" value="local|*.local|169.254/16|*.169.254/16"/>
    <property name="ftp.nonProxyHosts" value="local|*.local|169.254/16|*.169.254/16"/>
    <property name="sun.cpu.isalist" value=""/>
  </properties>
  <testcase time="0.004" classname="Conversion from int should work for millimeters" name="Conversion from int should work for millimeters"/>
  <testcase time="0" classname="Conversion from int should work for centimeters" name="Conversion from int should work for centimeters"/>
  <testcase time="0.001" classname="Conversion from int should work for meters" name="Conversion from int should work for meters"/>
  <testcase time="0" classname="Conversion from int should work for kilometers" name="Conversion from int should work for kilometers"/>
  <testcase time="0" classname="Same length in different units should should be equal for meters and centimeters" name="Same length in different units should should be equal for meters and centimeters"/>
  <testcase time="0" classname="Same length in different units should should be equal for kilometers and meters" name="Same length in different units should should be equal for kilometers and meters"/>
  <testcase time="0" classname="Conversion from double should work for millimeters" name="Conversion from double should work for millimeters"/>
  <testcase time="0" classname="Conversion from double should work for centimeters" name="Conversion from double should work for centimeters"/>
  <testcase time="0" classname="Conversion from double should work for meters" name="Conversion from double should work for meters"/>
  <testcase time="0.001" classname="Conversion from double should work for kilometers" name="Conversion from double should work for kilometers"/>
</testsuite>